Determining if the pthread_create exist failed with the following output:
Change Dir: /home/ai/Documents/GitHub/BotND-01-World/build/CMakeFiles/CMakeTmp

Run Build Command:"/usr/bin/make" "cmTC_15532/fast"
/usr/bin/make -f CMakeFiles/cmTC_15532.dir/build.make CMakeFiles/cmTC_15532.dir/build
make[1]: Entering directory '/home/ai/Documents/GitHub/BotND-01-World/build/CMakeFiles/CMakeTmp'
Building C object CMakeFiles/cmTC_15532.dir/CheckSymbolExists.c.o
/usr/bin/cc    -o CMakeFiles/cmTC_15532.dir/CheckSymbolExists.c.o   -c /home/ai/Documents/GitHub/BotND-01-World/build/CMakeFiles/CMakeTmp/CheckSymbolExists.c
Linking C executable cmTC_15532
/usr/bin/cmake -E cmake_link_script CMakeFiles/cmTC_15532.dir/link.txt --verbose=1
/usr/bin/cc      -rdynamic CMakeFiles/cmTC_15532.dir/CheckSymbolExists.c.o  -o cmTC_15532 
CMakeFiles/cmTC_15532.dir/CheckSymbolExists.c.o: In function `main':
CheckSymbolExists.c:(.text+0x1b): undefined reference to `pthread_create'
collect2: error: ld returned 1 exit status
CMakeFiles/cmTC_15532.dir/build.make:97: recipe for target 'cmTC_15532' failed
make[1]: *** [cmTC_15532] Error 1
make[1]: Leaving directory '/home/ai/Documents/GitHub/BotND-01-World/build/CMakeFiles/CMakeTmp'
Makefile:126: recipe for target 'cmTC_15532/fast' failed
make: *** [cmTC_15532/fast] Error 2

File /home/ai/Documents/GitHub/BotND-01-World/build/CMakeFiles/CMakeTmp/CheckSymbolExists.c:
/* */
#include <pthread.h>

int main(int argc, char** argv)
{
  (void)argv;
#ifndef pthread_create
  return ((int*)(&pthread_create))[argc];
#else
  (void)argc;
  return 0;
#endif
}

Determining if the function pthread_create exists in the pthreads failed with the following output:
Change Dir: /home/ai/Documents/GitHub/BotND-01-World/build/CMakeFiles/CMakeTmp

Run Build Command:"/usr/bin/make" "cmTC_45776/fast"
/usr/bin/make -f CMakeFiles/cmTC_45776.dir/build.make CMakeFiles/cmTC_45776.dir/build
make[1]: Entering directory '/home/ai/Documents/GitHub/BotND-01-World/build/CMakeFiles/CMakeTmp'
Building C object CMakeFiles/cmTC_45776.dir/CheckFunctionExists.c.o
/usr/bin/cc   -DCHECK_FUNCTION_EXISTS=pthread_create   -o CMakeFiles/cmTC_45776.dir/CheckFunctionExists.c.o   -c /usr/share/cmake-3.10/Modules/CheckFunctionExists.c
Linking C executable cmTC_45776
/usr/bin/cmake -E cmake_link_script CMakeFiles/cmTC_45776.dir/link.txt --verbose=1
/usr/bin/cc  -DCHECK_FUNCTION_EXISTS=pthread_create    -rdynamic CMakeFiles/cmTC_45776.dir/CheckFunctionExists.c.o  -o cmTC_45776 -lpthreads 
/usr/bin/ld: cannot find -lpthreads
collect2: error: ld returned 1 exit status
CMakeFiles/cmTC_45776.dir/build.make:97: recipe for target 'cmTC_45776' failed
make[1]: *** [cmTC_45776] Error 1
make[1]: Leaving directory '/home/ai/Documents/GitHub/BotND-01-World/build/CMakeFiles/CMakeTmp'
Makefile:126: recipe for target 'cmTC_45776/fast' failed
make: *** [cmTC_45776/fast] Error 2


